<?xml version="1.0" encoding="UTF-8"?>
<testsuite name="com.jordy.books.springboot.web.IndexControllerTest" tests="1" skipped="0" failures="0" errors="0" timestamp="2021-04-13T12:54:19" hostname="DESKTOP-7A78U1D" time="0.31">
  <properties/>
  <testcase name="메인페이지_로딩" classname="com.jordy.books.springboot.web.IndexControllerTest" time="0.31"/>
  <system-out><![CDATA[2021-04-13 21:54:13.808  INFO 1900 --- [    Test worker] .b.t.c.SpringBootTestContextBootstrapper : Neither @ContextConfiguration nor @ContextHierarchy found for test class [com.jordy.books.springboot.web.IndexControllerTest], using SpringBootContextLoader
2021-04-13 21:54:13.810  INFO 1900 --- [    Test worker] o.s.t.c.support.AbstractContextLoader    : Could not detect default resource locations for test class [com.jordy.books.springboot.web.IndexControllerTest]: no resource found for suffixes {-context.xml, Context.groovy}.
2021-04-13 21:54:13.810  INFO 1900 --- [    Test worker] t.c.s.AnnotationConfigContextLoaderUtils : Could not detect default configuration classes for test class [com.jordy.books.springboot.web.IndexControllerTest]: IndexControllerTest does not declare any static, non-private, non-final, nested classes annotated with @Configuration.
2021-04-13 21:54:13.831  INFO 1900 --- [    Test worker] .b.t.c.SpringBootTestContextBootstrapper : Found @SpringBootConfiguration com.jordy.books.springboot.Application for test class com.jordy.books.springboot.web.IndexControllerTest
2021-04-13 21:54:13.834  INFO 1900 --- [    Test worker] .b.t.c.SpringBootTestContextBootstrapper : Loaded default TestExecutionListener class names from location [META-INF/spring.factories]: [org.springframework.security.test.context.support.WithSecurityContextTestExecutionListener, org.springframework.security.test.context.support.ReactorContextTestExecutionListener, org.springframework.boot.test.autoconfigure.restdocs.RestDocsTestExecutionListener, org.springframework.boot.test.autoconfigure.web.client.MockRestServiceServerResetTestExecutionListener, org.springframework.boot.test.autoconfigure.web.servlet.MockMvcPrintOnlyOnFailureTestExecutionListener, org.springframework.boot.test.autoconfigure.web.servlet.WebDriverTestExecutionListener, org.springframework.boot.test.mock.mockito.MockitoTestExecutionListener, org.springframework.boot.test.mock.mockito.ResetMocksTestExecutionListener, org.springframework.test.context.web.ServletTestExecutionListener, org.springframework.test.context.support.DirtiesContextBeforeModesTestExecutionListener, org.springframework.test.context.support.DependencyInjectionTestExecutionListener, org.springframework.test.context.support.DirtiesContextTestExecutionListener, org.springframework.test.context.transaction.TransactionalTestExecutionListener, org.springframework.test.context.jdbc.SqlScriptsTestExecutionListener]
2021-04-13 21:54:13.836  INFO 1900 --- [    Test worker] .b.t.c.SpringBootTestContextBootstrapper : Using TestExecutionListeners: [org.springframework.test.context.web.ServletTestExecutionListener@198d97c3, org.springframework.test.context.support.DirtiesContextBeforeModesTestExecutionListener@12388d1a, org.springframework.boot.test.mock.mockito.MockitoTestExecutionListener@1c4a0ee, org.springframework.boot.test.autoconfigure.SpringBootDependencyInjectionTestExecutionListener@549a2bc6, org.springframework.test.context.support.DirtiesContextTestExecutionListener@21dc8d19, org.springframework.test.context.transaction.TransactionalTestExecutionListener@77da9465, org.springframework.test.context.jdbc.SqlScriptsTestExecutionListener@53bd99a0, org.springframework.security.test.context.support.WithSecurityContextTestExecutionListener@567c4c0a, org.springframework.security.test.context.support.ReactorContextTestExecutionListener@138db799, org.springframework.boot.test.autoconfigure.restdocs.RestDocsTestExecutionListener@30d77031, org.springframework.boot.test.autoconfigure.web.client.MockRestServiceServerResetTestExecutionListener@f189f12, org.springframework.boot.test.autoconfigure.web.servlet.MockMvcPrintOnlyOnFailureTestExecutionListener@3bb08ee7, org.springframework.boot.test.autoconfigure.web.servlet.WebDriverTestExecutionListener@45ffc777, org.springframework.boot.test.mock.mockito.ResetMocksTestExecutionListener@4e226101]

  .   ____          _            __ _ _
 /\\ / ___'_ __ _ _(_)_ __  __ _ \ \ \ \
( ( )\___ | '_ | '_| | '_ \/ _` | \ \ \ \
 \\/  ___)| |_)| | | | | || (_| |  ) ) ) )
  '  |____| .__|_| |_|_| |_\__, | / / / /
 =========|_|==============|___/=/_/_/_/
 :: Spring Boot ::        (v2.1.7.RELEASE)

2021-04-13 21:54:13.954  INFO 1900 --- [    Test worker] c.j.b.s.web.IndexControllerTest          : Starting IndexControllerTest on DESKTOP-7A78U1D with PID 1900 (started by OH in C:\Users\OH\IdeaProjects\com.jordy.book)
2021-04-13 21:54:13.955  INFO 1900 --- [    Test worker] c.j.b.s.web.IndexControllerTest          : No active profile set, falling back to default profiles: default
2021-04-13 21:54:14.592  INFO 1900 --- [    Test worker] .s.d.r.c.RepositoryConfigurationDelegate : Bootstrapping Spring Data repositories in DEFAULT mode.
2021-04-13 21:54:14.670  INFO 1900 --- [    Test worker] .s.d.r.c.RepositoryConfigurationDelegate : Finished Spring Data repository scanning in 77ms. Found 2 repository interfaces.
2021-04-13 21:54:14.877  INFO 1900 --- [    Test worker] trationDelegate$BeanPostProcessorChecker : Bean 'org.springframework.transaction.annotation.ProxyTransactionManagementConfiguration' of type [org.springframework.transaction.annotation.ProxyTransactionManagementConfiguration$$EnhancerBySpringCGLIB$$64ed780] is not eligible for getting processed by all BeanPostProcessors (for example: not eligible for auto-proxying)
2021-04-13 21:54:15.504  INFO 1900 --- [    Test worker] o.s.b.w.embedded.tomcat.TomcatWebServer  : Tomcat initialized with port(s): 0 (http)
2021-04-13 21:54:15.571  INFO 1900 --- [    Test worker] o.apache.catalina.core.StandardService   : Starting service [Tomcat]
2021-04-13 21:54:15.572  INFO 1900 --- [    Test worker] org.apache.catalina.core.StandardEngine  : Starting Servlet engine: [Apache Tomcat/9.0.22]
2021-04-13 21:54:15.915  INFO 1900 --- [    Test worker] o.a.c.c.C.[Tomcat].[localhost].[/]       : Initializing Spring embedded WebApplicationContext
2021-04-13 21:54:15.915  INFO 1900 --- [    Test worker] o.s.web.context.ContextLoader            : Root WebApplicationContext: initialization completed in 1952 ms
2021-04-13 21:54:16.344  INFO 1900 --- [    Test worker] com.zaxxer.hikari.HikariDataSource       : HikariPool-2 - Starting...
2021-04-13 21:54:16.346  INFO 1900 --- [    Test worker] com.zaxxer.hikari.HikariDataSource       : HikariPool-2 - Start completed.
2021-04-13 21:54:16.469  INFO 1900 --- [    Test worker] o.hibernate.jpa.internal.util.LogHelper  : HHH000204: Processing PersistenceUnitInfo [
	name: default
	...]
2021-04-13 21:54:16.497  INFO 1900 --- [    Test worker] org.hibernate.dialect.Dialect            : HHH000400: Using dialect: org.hibernate.dialect.MySQL5InnoDBDialect
Hibernate: drop table if exists posts
Hibernate: drop table if exists user
Hibernate: create table posts (id bigint not null auto_increment, created_date datetime, modified_date datetime, author varchar(255), content TEXT not null, title varchar(500) not null, primary key (id)) engine=InnoDB
Hibernate: create table user (id bigint not null auto_increment, created_date datetime, modified_date datetime, email varchar(255) not null, name varchar(255) not null, picture varchar(255), role varchar(255) not null, primary key (id)) engine=InnoDB
2021-04-13 21:54:16.667  INFO 1900 --- [    Test worker] o.h.t.schema.internal.SchemaCreatorImpl  : HHH000476: Executing import script 'org.hibernate.tool.schema.internal.exec.ScriptSourceInputNonExistentImpl@48e213d6'
2021-04-13 21:54:16.668  INFO 1900 --- [    Test worker] j.LocalContainerEntityManagerFactoryBean : Initialized JPA EntityManagerFactory for persistence unit 'default'
2021-04-13 21:54:17.449  INFO 1900 --- [    Test worker] o.h.h.i.QueryTranslatorFactoryInitiator  : HHH000397: Using ASTQueryTranslatorFactory
2021-04-13 21:54:17.863  INFO 1900 --- [    Test worker] o.s.s.web.DefaultSecurityFilterChain     : Creating filter chain: any request, [org.springframework.security.web.context.request.async.WebAsyncManagerIntegrationFilter@65b325f1, org.springframework.security.web.context.SecurityContextPersistenceFilter@5a4188cd, org.springframework.security.web.header.HeaderWriterFilter@42e48f, org.springframework.security.web.authentication.logout.LogoutFilter@5d0cf668, org.springframework.security.oauth2.client.web.OAuth2AuthorizationRequestRedirectFilter@1cd98665, org.springframework.security.oauth2.client.web.OAuth2LoginAuthenticationFilter@52b87033, org.springframework.security.web.authentication.ui.DefaultLoginPageGeneratingFilter@b5d102e, org.springframework.security.web.authentication.ui.DefaultLogoutPageGeneratingFilter@bee09b7, org.springframework.security.web.savedrequest.RequestCacheAwareFilter@71b78f70, org.springframework.security.web.servletapi.SecurityContextHolderAwareRequestFilter@66467b55, org.springframework.security.web.authentication.AnonymousAuthenticationFilter@5bd45c01, org.springframework.security.web.session.SessionManagementFilter@157f1132, org.springframework.security.web.access.ExceptionTranslationFilter@c54f124, org.springframework.security.web.access.intercept.FilterSecurityInterceptor@2ae88b63]
2021-04-13 21:54:18.438  INFO 1900 --- [    Test worker] o.s.s.concurrent.ThreadPoolTaskExecutor  : Initializing ExecutorService 'applicationTaskExecutor'
2021-04-13 21:54:18.469  WARN 1900 --- [    Test worker] aWebConfiguration$JpaWebMvcConfiguration : spring.jpa.open-in-view is enabled by default. Therefore, database queries may be performed during view rendering. Explicitly configure spring.jpa.open-in-view to disable this warning
2021-04-13 21:54:18.543  INFO 1900 --- [    Test worker] o.s.b.a.w.s.WelcomePageHandlerMapping    : Adding welcome page template: index
2021-04-13 21:54:19.165  INFO 1900 --- [    Test worker] s.a.ScheduledAnnotationBeanPostProcessor : No TaskScheduler/ScheduledExecutorService bean found for scheduled processing
2021-04-13 21:54:19.204  INFO 1900 --- [    Test worker] o.s.b.w.embedded.tomcat.TomcatWebServer  : Tomcat started on port(s): 1471 (http) with context path ''
2021-04-13 21:54:19.206  INFO 1900 --- [    Test worker] c.j.b.s.web.IndexControllerTest          : Started IndexControllerTest in 5.367 seconds (JVM running for 25.307)
2021-04-13 21:54:19.364  INFO 1900 --- [o-auto-1-exec-1] o.a.c.c.C.[Tomcat].[localhost].[/]       : Initializing Spring DispatcherServlet 'dispatcherServlet'
2021-04-13 21:54:19.364  INFO 1900 --- [o-auto-1-exec-1] o.s.web.servlet.DispatcherServlet        : Initializing Servlet 'dispatcherServlet'
2021-04-13 21:54:19.394  INFO 1900 --- [o-auto-1-exec-1] o.s.web.servlet.DispatcherServlet        : Completed initialization in 30 ms
Hibernate: select posts0_.id as id1_0_, posts0_.created_date as created_2_0_, posts0_.modified_date as modified3_0_, posts0_.author as author4_0_, posts0_.content as content5_0_, posts0_.title as title6_0_ from posts posts0_ order by posts0_.id desc
]]></system-out>
  <system-err><![CDATA[]]></system-err>
</testsuite>
