<?xml version="1.0" encoding="UTF-8"?>
<testsuite name="com.jordy.books.springboot.web.IndexControllerTest" tests="1" skipped="0" failures="0" errors="0" timestamp="2021-04-26T09:36:43" hostname="DESKTOP-4KAJM75" time="0.284">
  <properties/>
  <testcase name="메인페이지_로딩" classname="com.jordy.books.springboot.web.IndexControllerTest" time="0.284"/>
  <system-out><![CDATA[2021-04-26 18:36:40.163  INFO 12392 --- [    Test worker] .b.t.c.SpringBootTestContextBootstrapper : Neither @ContextConfiguration nor @ContextHierarchy found for test class [com.jordy.books.springboot.web.IndexControllerTest], using SpringBootContextLoader
2021-04-26 18:36:40.163  INFO 12392 --- [    Test worker] o.s.t.c.support.AbstractContextLoader    : Could not detect default resource locations for test class [com.jordy.books.springboot.web.IndexControllerTest]: no resource found for suffixes {-context.xml, Context.groovy}.
2021-04-26 18:36:40.163  INFO 12392 --- [    Test worker] t.c.s.AnnotationConfigContextLoaderUtils : Could not detect default configuration classes for test class [com.jordy.books.springboot.web.IndexControllerTest]: IndexControllerTest does not declare any static, non-private, non-final, nested classes annotated with @Configuration.
2021-04-26 18:36:40.178  INFO 12392 --- [    Test worker] .b.t.c.SpringBootTestContextBootstrapper : Found @SpringBootConfiguration com.jordy.books.springboot.Application for test class com.jordy.books.springboot.web.IndexControllerTest
2021-04-26 18:36:40.178  INFO 12392 --- [    Test worker] .b.t.c.SpringBootTestContextBootstrapper : Loaded default TestExecutionListener class names from location [META-INF/spring.factories]: [org.springframework.security.test.context.support.WithSecurityContextTestExecutionListener, org.springframework.security.test.context.support.ReactorContextTestExecutionListener, org.springframework.boot.test.autoconfigure.restdocs.RestDocsTestExecutionListener, org.springframework.boot.test.autoconfigure.web.client.MockRestServiceServerResetTestExecutionListener, org.springframework.boot.test.autoconfigure.web.servlet.MockMvcPrintOnlyOnFailureTestExecutionListener, org.springframework.boot.test.autoconfigure.web.servlet.WebDriverTestExecutionListener, org.springframework.boot.test.mock.mockito.MockitoTestExecutionListener, org.springframework.boot.test.mock.mockito.ResetMocksTestExecutionListener, org.springframework.test.context.web.ServletTestExecutionListener, org.springframework.test.context.support.DirtiesContextBeforeModesTestExecutionListener, org.springframework.test.context.support.DependencyInjectionTestExecutionListener, org.springframework.test.context.support.DirtiesContextTestExecutionListener, org.springframework.test.context.transaction.TransactionalTestExecutionListener, org.springframework.test.context.jdbc.SqlScriptsTestExecutionListener]
2021-04-26 18:36:40.178  INFO 12392 --- [    Test worker] .b.t.c.SpringBootTestContextBootstrapper : Using TestExecutionListeners: [org.springframework.test.context.web.ServletTestExecutionListener@9a78f79, org.springframework.test.context.support.DirtiesContextBeforeModesTestExecutionListener@3a2d9a69, org.springframework.boot.test.mock.mockito.MockitoTestExecutionListener@5c45d98f, org.springframework.boot.test.autoconfigure.SpringBootDependencyInjectionTestExecutionListener@2204b7d9, org.springframework.test.context.support.DirtiesContextTestExecutionListener@176d28a7, org.springframework.test.context.transaction.TransactionalTestExecutionListener@41c516f1, org.springframework.test.context.jdbc.SqlScriptsTestExecutionListener@33be26e7, org.springframework.security.test.context.support.WithSecurityContextTestExecutionListener@3403e536, org.springframework.security.test.context.support.ReactorContextTestExecutionListener@4ad5db01, org.springframework.boot.test.autoconfigure.restdocs.RestDocsTestExecutionListener@234e2e34, org.springframework.boot.test.autoconfigure.web.client.MockRestServiceServerResetTestExecutionListener@6105bda4, org.springframework.boot.test.autoconfigure.web.servlet.MockMvcPrintOnlyOnFailureTestExecutionListener@4a04dee7, org.springframework.boot.test.autoconfigure.web.servlet.WebDriverTestExecutionListener@2e6d1975, org.springframework.boot.test.mock.mockito.ResetMocksTestExecutionListener@7c00bd02]

  .   ____          _            __ _ _
 /\\ / ___'_ __ _ _(_)_ __  __ _ \ \ \ \
( ( )\___ | '_ | '_| | '_ \/ _` | \ \ \ \
 \\/  ___)| |_)| | | | | || (_| |  ) ) ) )
  '  |____| .__|_| |_|_| |_\__, | / / / /
 =========|_|==============|___/=/_/_/_/
 :: Spring Boot ::        (v2.1.7.RELEASE)

2021-04-26 18:36:40.262  INFO 12392 --- [    Test worker] c.j.b.s.web.IndexControllerTest          : Starting IndexControllerTest on DESKTOP-4KAJM75 with PID 12392 (started by 오성식 in C:\Users\오성식\IdeaProjects\com.jordy.book)
2021-04-26 18:36:40.262  INFO 12392 --- [    Test worker] c.j.b.s.web.IndexControllerTest          : No active profile set, falling back to default profiles: default
2021-04-26 18:36:40.661  INFO 12392 --- [    Test worker] .s.d.r.c.RepositoryConfigurationDelegate : Bootstrapping Spring Data repositories in DEFAULT mode.
2021-04-26 18:36:40.708  INFO 12392 --- [    Test worker] .s.d.r.c.RepositoryConfigurationDelegate : Finished Spring Data repository scanning in 47ms. Found 2 repository interfaces.
2021-04-26 18:36:40.859  INFO 12392 --- [    Test worker] trationDelegate$BeanPostProcessorChecker : Bean 'org.springframework.transaction.annotation.ProxyTransactionManagementConfiguration' of type [org.springframework.transaction.annotation.ProxyTransactionManagementConfiguration$$EnhancerBySpringCGLIB$$bbdbbfcf] is not eligible for getting processed by all BeanPostProcessors (for example: not eligible for auto-proxying)
2021-04-26 18:36:41.291  INFO 12392 --- [    Test worker] o.s.b.w.embedded.tomcat.TomcatWebServer  : Tomcat initialized with port(s): 0 (http)
2021-04-26 18:36:41.338  INFO 12392 --- [    Test worker] o.apache.catalina.core.StandardService   : Starting service [Tomcat]
2021-04-26 18:36:41.338  INFO 12392 --- [    Test worker] org.apache.catalina.core.StandardEngine  : Starting Servlet engine: [Apache Tomcat/9.0.22]
2021-04-26 18:36:41.609  INFO 12392 --- [    Test worker] o.a.c.c.C.[Tomcat].[localhost].[/]       : Initializing Spring embedded WebApplicationContext
2021-04-26 18:36:41.609  INFO 12392 --- [    Test worker] o.s.web.context.ContextLoader            : Root WebApplicationContext: initialization completed in 1334 ms
2021-04-26 18:36:41.875  INFO 12392 --- [    Test worker] com.zaxxer.hikari.HikariDataSource       : HikariPool-2 - Starting...
2021-04-26 18:36:41.875  INFO 12392 --- [    Test worker] com.zaxxer.hikari.HikariDataSource       : HikariPool-2 - Start completed.
2021-04-26 18:36:41.954  INFO 12392 --- [    Test worker] o.hibernate.jpa.internal.util.LogHelper  : HHH000204: Processing PersistenceUnitInfo [
	name: default
	...]
2021-04-26 18:36:41.990  INFO 12392 --- [    Test worker] org.hibernate.dialect.Dialect            : HHH000400: Using dialect: org.hibernate.dialect.MySQL5InnoDBDialect
Hibernate: drop table if exists posts
Hibernate: drop table if exists user
Hibernate: create table posts (id bigint not null auto_increment, created_date datetime, modified_date datetime, author varchar(255), content TEXT not null, title varchar(500) not null, primary key (id)) engine=InnoDB
Hibernate: create table user (id bigint not null auto_increment, created_date datetime, modified_date datetime, email varchar(255) not null, name varchar(255) not null, picture varchar(255), role varchar(255) not null, primary key (id)) engine=InnoDB
2021-04-26 18:36:42.084  INFO 12392 --- [    Test worker] o.h.t.schema.internal.SchemaCreatorImpl  : HHH000476: Executing import script 'org.hibernate.tool.schema.internal.exec.ScriptSourceInputNonExistentImpl@6184c7f0'
2021-04-26 18:36:42.084  INFO 12392 --- [    Test worker] j.LocalContainerEntityManagerFactoryBean : Initialized JPA EntityManagerFactory for persistence unit 'default'
2021-04-26 18:36:42.595  INFO 12392 --- [    Test worker] o.h.h.i.QueryTranslatorFactoryInitiator  : HHH000397: Using ASTQueryTranslatorFactory
2021-04-26 18:36:42.836  INFO 12392 --- [    Test worker] o.s.s.web.DefaultSecurityFilterChain     : Creating filter chain: any request, [org.springframework.security.web.context.request.async.WebAsyncManagerIntegrationFilter@1f4974f8, org.springframework.security.web.context.SecurityContextPersistenceFilter@46c97ab4, org.springframework.security.web.header.HeaderWriterFilter@57179f49, org.springframework.security.web.authentication.logout.LogoutFilter@14a6bc94, org.springframework.security.oauth2.client.web.OAuth2AuthorizationRequestRedirectFilter@5b6b6a19, org.springframework.security.oauth2.client.web.OAuth2LoginAuthenticationFilter@7daf70f3, org.springframework.security.web.authentication.ui.DefaultLoginPageGeneratingFilter@19b779cc, org.springframework.security.web.authentication.ui.DefaultLogoutPageGeneratingFilter@3f141366, org.springframework.security.web.savedrequest.RequestCacheAwareFilter@ebf6941, org.springframework.security.web.servletapi.SecurityContextHolderAwareRequestFilter@65394208, org.springframework.security.web.authentication.AnonymousAuthenticationFilter@3faf9d3f, org.springframework.security.web.session.SessionManagementFilter@235be536, org.springframework.security.web.access.ExceptionTranslationFilter@5fd2ed89, org.springframework.security.web.access.intercept.FilterSecurityInterceptor@17b6f97e]
2021-04-26 18:36:43.158  INFO 12392 --- [    Test worker] o.s.s.concurrent.ThreadPoolTaskExecutor  : Initializing ExecutorService 'applicationTaskExecutor'
2021-04-26 18:36:43.174  WARN 12392 --- [    Test worker] aWebConfiguration$JpaWebMvcConfiguration : spring.jpa.open-in-view is enabled by default. Therefore, database queries may be performed during view rendering. Explicitly configure spring.jpa.open-in-view to disable this warning
2021-04-26 18:36:43.221  INFO 12392 --- [    Test worker] o.s.b.a.w.s.WelcomePageHandlerMapping    : Adding welcome page template: index
2021-04-26 18:36:43.659  INFO 12392 --- [    Test worker] s.a.ScheduledAnnotationBeanPostProcessor : No TaskScheduler/ScheduledExecutorService bean found for scheduled processing
2021-04-26 18:36:43.697  INFO 12392 --- [    Test worker] o.s.b.w.embedded.tomcat.TomcatWebServer  : Tomcat started on port(s): 13439 (http) with context path ''
2021-04-26 18:36:43.697  INFO 12392 --- [    Test worker] c.j.b.s.web.IndexControllerTest          : Started IndexControllerTest in 3.519 seconds (JVM running for 14.9)
2021-04-26 18:36:43.854  INFO 12392 --- [o-auto-1-exec-1] o.a.c.c.C.[Tomcat].[localhost].[/]       : Initializing Spring DispatcherServlet 'dispatcherServlet'
2021-04-26 18:36:43.854  INFO 12392 --- [o-auto-1-exec-1] o.s.web.servlet.DispatcherServlet        : Initializing Servlet 'dispatcherServlet'
2021-04-26 18:36:43.885  INFO 12392 --- [o-auto-1-exec-1] o.s.web.servlet.DispatcherServlet        : Completed initialization in 31 ms
Hibernate: select posts0_.id as id1_0_, posts0_.created_date as created_2_0_, posts0_.modified_date as modified3_0_, posts0_.author as author4_0_, posts0_.content as content5_0_, posts0_.title as title6_0_ from posts posts0_ order by posts0_.id desc
]]></system-out>
  <system-err><![CDATA[]]></system-err>
</testsuite>
