<?xml version="1.0" encoding="UTF-8"?>
<testsuite name="com.jordy.books.springboot.domain.posts.PostsRepositoryTest" tests="2" skipped="0" failures="0" errors="0" timestamp="2021-04-13T10:26:25" hostname="DESKTOP-4KAJM75" time="0.312">
  <properties/>
  <testcase name="게시글저장_불러오기" classname="com.jordy.books.springboot.domain.posts.PostsRepositoryTest" time="0.298"/>
  <testcase name="BaseTimeEntity_등록" classname="com.jordy.books.springboot.domain.posts.PostsRepositoryTest" time="0.014"/>
  <system-out><![CDATA[2021-04-13 19:26:19.418  INFO 12788 --- [    Test worker] .b.t.c.SpringBootTestContextBootstrapper : Neither @ContextConfiguration nor @ContextHierarchy found for test class [com.jordy.books.springboot.domain.posts.PostsRepositoryTest], using SpringBootContextLoader
2021-04-13 19:26:19.418  INFO 12788 --- [    Test worker] o.s.t.c.support.AbstractContextLoader    : Could not detect default resource locations for test class [com.jordy.books.springboot.domain.posts.PostsRepositoryTest]: no resource found for suffixes {-context.xml, Context.groovy}.
2021-04-13 19:26:19.418  INFO 12788 --- [    Test worker] t.c.s.AnnotationConfigContextLoaderUtils : Could not detect default configuration classes for test class [com.jordy.books.springboot.domain.posts.PostsRepositoryTest]: PostsRepositoryTest does not declare any static, non-private, non-final, nested classes annotated with @Configuration.
2021-04-13 19:26:19.436  INFO 12788 --- [    Test worker] .b.t.c.SpringBootTestContextBootstrapper : Found @SpringBootConfiguration com.jordy.books.springboot.Application for test class com.jordy.books.springboot.domain.posts.PostsRepositoryTest
2021-04-13 19:26:19.452  INFO 12788 --- [    Test worker] .b.t.c.SpringBootTestContextBootstrapper : Loaded default TestExecutionListener class names from location [META-INF/spring.factories]: [org.springframework.security.test.context.support.WithSecurityContextTestExecutionListener, org.springframework.security.test.context.support.ReactorContextTestExecutionListener, org.springframework.boot.test.autoconfigure.restdocs.RestDocsTestExecutionListener, org.springframework.boot.test.autoconfigure.web.client.MockRestServiceServerResetTestExecutionListener, org.springframework.boot.test.autoconfigure.web.servlet.MockMvcPrintOnlyOnFailureTestExecutionListener, org.springframework.boot.test.autoconfigure.web.servlet.WebDriverTestExecutionListener, org.springframework.boot.test.mock.mockito.MockitoTestExecutionListener, org.springframework.boot.test.mock.mockito.ResetMocksTestExecutionListener, org.springframework.test.context.web.ServletTestExecutionListener, org.springframework.test.context.support.DirtiesContextBeforeModesTestExecutionListener, org.springframework.test.context.support.DependencyInjectionTestExecutionListener, org.springframework.test.context.support.DirtiesContextTestExecutionListener, org.springframework.test.context.transaction.TransactionalTestExecutionListener, org.springframework.test.context.jdbc.SqlScriptsTestExecutionListener]
2021-04-13 19:26:19.452  INFO 12788 --- [    Test worker] .b.t.c.SpringBootTestContextBootstrapper : Using TestExecutionListeners: [org.springframework.test.context.web.ServletTestExecutionListener@6ceb03a6, org.springframework.test.context.support.DirtiesContextBeforeModesTestExecutionListener@774bdd61, org.springframework.boot.test.mock.mockito.MockitoTestExecutionListener@4d91067e, org.springframework.boot.test.autoconfigure.SpringBootDependencyInjectionTestExecutionListener@526a2a42, org.springframework.test.context.support.DirtiesContextTestExecutionListener@66a8f59a, org.springframework.test.context.transaction.TransactionalTestExecutionListener@4fa19cfb, org.springframework.test.context.jdbc.SqlScriptsTestExecutionListener@a46c187, org.springframework.security.test.context.support.WithSecurityContextTestExecutionListener@9fdc2b7, org.springframework.security.test.context.support.ReactorContextTestExecutionListener@2858f237, org.springframework.boot.test.autoconfigure.restdocs.RestDocsTestExecutionListener@6b5df583, org.springframework.boot.test.autoconfigure.web.client.MockRestServiceServerResetTestExecutionListener@572b4b96, org.springframework.boot.test.autoconfigure.web.servlet.MockMvcPrintOnlyOnFailureTestExecutionListener@30a4d3be, org.springframework.boot.test.autoconfigure.web.servlet.WebDriverTestExecutionListener@5f8256d7, org.springframework.boot.test.mock.mockito.ResetMocksTestExecutionListener@5bf75149]

  .   ____          _            __ _ _
 /\\ / ___'_ __ _ _(_)_ __  __ _ \ \ \ \
( ( )\___ | '_ | '_| | '_ \/ _` | \ \ \ \
 \\/  ___)| |_)| | | | | || (_| |  ) ) ) )
  '  |____| .__|_| |_|_| |_\__, | / / / /
 =========|_|==============|___/=/_/_/_/
 :: Spring Boot ::        (v2.1.7.RELEASE)

2021-04-13 19:26:19.500  INFO 12788 --- [    Test worker] c.j.b.s.d.posts.PostsRepositoryTest      : Starting PostsRepositoryTest on DESKTOP-4KAJM75 with PID 12788 (started by 오성식 in C:\Users\오성식\IdeaProjects\com.jordy.book)
2021-04-13 19:26:19.500  INFO 12788 --- [    Test worker] c.j.b.s.d.posts.PostsRepositoryTest      : No active profile set, falling back to default profiles: default
2021-04-13 19:26:20.195  INFO 12788 --- [    Test worker] .s.d.r.c.RepositoryConfigurationDelegate : Bootstrapping Spring Data repositories in DEFAULT mode.
2021-04-13 19:26:20.321  INFO 12788 --- [    Test worker] .s.d.r.c.RepositoryConfigurationDelegate : Finished Spring Data repository scanning in 94ms. Found 2 repository interfaces.
2021-04-13 19:26:20.664  INFO 12788 --- [    Test worker] trationDelegate$BeanPostProcessorChecker : Bean 'org.springframework.transaction.annotation.ProxyTransactionManagementConfiguration' of type [org.springframework.transaction.annotation.ProxyTransactionManagementConfiguration$$EnhancerBySpringCGLIB$$f0c34b12] is not eligible for getting processed by all BeanPostProcessors (for example: not eligible for auto-proxying)
2021-04-13 19:26:20.915  INFO 12788 --- [    Test worker] com.zaxxer.hikari.HikariDataSource       : HikariPool-1 - Starting...
2021-04-13 19:26:21.166  INFO 12788 --- [    Test worker] com.zaxxer.hikari.HikariDataSource       : HikariPool-1 - Start completed.
2021-04-13 19:26:21.306  INFO 12788 --- [    Test worker] o.hibernate.jpa.internal.util.LogHelper  : HHH000204: Processing PersistenceUnitInfo [
	name: default
	...]
2021-04-13 19:26:21.454  INFO 12788 --- [    Test worker] org.hibernate.Version                    : HHH000412: Hibernate Core {5.3.10.Final}
2021-04-13 19:26:21.470  INFO 12788 --- [    Test worker] org.hibernate.cfg.Environment            : HHH000206: hibernate.properties not found
2021-04-13 19:26:21.549  INFO 12788 --- [    Test worker] o.hibernate.annotations.common.Version   : HCANN000001: Hibernate Commons Annotations {5.0.4.Final}
2021-04-13 19:26:21.815  INFO 12788 --- [    Test worker] org.hibernate.dialect.Dialect            : HHH000400: Using dialect: org.hibernate.dialect.MySQL5InnoDBDialect
Hibernate: drop table if exists posts
Hibernate: drop table if exists user
Hibernate: create table posts (id bigint not null auto_increment, created_date datetime, modified_date datetime, author varchar(255), content TEXT not null, title varchar(500) not null, primary key (id)) engine=InnoDB
Hibernate: create table user (id bigint not null auto_increment, created_date datetime, modified_date datetime, email varchar(255) not null, name varchar(255) not null, picture varchar(255), role varchar(255) not null, primary key (id)) engine=InnoDB
2021-04-13 19:26:22.853  INFO 12788 --- [    Test worker] o.h.t.schema.internal.SchemaCreatorImpl  : HHH000476: Executing import script 'org.hibernate.tool.schema.internal.exec.ScriptSourceInputNonExistentImpl@59502854'
2021-04-13 19:26:22.868  INFO 12788 --- [    Test worker] j.LocalContainerEntityManagerFactoryBean : Initialized JPA EntityManagerFactory for persistence unit 'default'
2021-04-13 19:26:23.620  INFO 12788 --- [    Test worker] o.h.h.i.QueryTranslatorFactoryInitiator  : HHH000397: Using ASTQueryTranslatorFactory
2021-04-13 19:26:24.164  INFO 12788 --- [    Test worker] o.s.s.web.DefaultSecurityFilterChain     : Creating filter chain: any request, [org.springframework.security.web.context.request.async.WebAsyncManagerIntegrationFilter@5d921ff7, org.springframework.security.web.context.SecurityContextPersistenceFilter@1cc7d18, org.springframework.security.web.header.HeaderWriterFilter@4c974157, org.springframework.security.web.authentication.logout.LogoutFilter@68169ab, org.springframework.security.oauth2.client.web.OAuth2AuthorizationRequestRedirectFilter@f363eff, org.springframework.security.oauth2.client.web.OAuth2LoginAuthenticationFilter@1bf83c38, org.springframework.security.web.authentication.ui.DefaultLoginPageGeneratingFilter@64c7fc96, org.springframework.security.web.authentication.ui.DefaultLogoutPageGeneratingFilter@6e0f399e, org.springframework.security.web.savedrequest.RequestCacheAwareFilter@7ee82347, org.springframework.security.web.servletapi.SecurityContextHolderAwareRequestFilter@8034834, org.springframework.security.web.authentication.AnonymousAuthenticationFilter@344cc19b, org.springframework.security.web.session.SessionManagementFilter@4385e5bf, org.springframework.security.web.access.ExceptionTranslationFilter@7fb01d63, org.springframework.security.web.access.intercept.FilterSecurityInterceptor@4d89b9fb]
2021-04-13 19:26:24.863  INFO 12788 --- [    Test worker] o.s.s.concurrent.ThreadPoolTaskExecutor  : Initializing ExecutorService 'applicationTaskExecutor'
2021-04-13 19:26:24.889  WARN 12788 --- [    Test worker] aWebConfiguration$JpaWebMvcConfiguration : spring.jpa.open-in-view is enabled by default. Therefore, database queries may be performed during view rendering. Explicitly configure spring.jpa.open-in-view to disable this warning
2021-04-13 19:26:24.964  INFO 12788 --- [    Test worker] o.s.b.a.w.s.WelcomePageHandlerMapping    : Adding welcome page template: index
2021-04-13 19:26:25.837  INFO 12788 --- [    Test worker] s.a.ScheduledAnnotationBeanPostProcessor : No TaskScheduler/ScheduledExecutorService bean found for scheduled processing
2021-04-13 19:26:25.857  INFO 12788 --- [    Test worker] c.j.b.s.d.posts.PostsRepositoryTest      : Started PostsRepositoryTest in 6.405 seconds (JVM running for 11.56)
Hibernate: insert into posts (created_date, modified_date, author, content, title) values (?, ?, ?, ?, ?)
Hibernate: select posts0_.id as id1_0_, posts0_.created_date as created_2_0_, posts0_.modified_date as modified3_0_, posts0_.author as author4_0_, posts0_.content as content5_0_, posts0_.title as title6_0_ from posts posts0_
Hibernate: select posts0_.id as id1_0_, posts0_.created_date as created_2_0_, posts0_.modified_date as modified3_0_, posts0_.author as author4_0_, posts0_.content as content5_0_, posts0_.title as title6_0_ from posts posts0_
Hibernate: delete from posts where id=?
Hibernate: insert into posts (created_date, modified_date, author, content, title) values (?, ?, ?, ?, ?)
Hibernate: select posts0_.id as id1_0_, posts0_.created_date as created_2_0_, posts0_.modified_date as modified3_0_, posts0_.author as author4_0_, posts0_.content as content5_0_, posts0_.title as title6_0_ from posts posts0_
>>>>>>>>>>> createDate = 2021-04-13T19:26:26.170, modifiedDate=2021-04-13T19:26:26.170
Hibernate: select posts0_.id as id1_0_, posts0_.created_date as created_2_0_, posts0_.modified_date as modified3_0_, posts0_.author as author4_0_, posts0_.content as content5_0_, posts0_.title as title6_0_ from posts posts0_
Hibernate: delete from posts where id=?
]]></system-out>
  <system-err><![CDATA[]]></system-err>
</testsuite>
