<?xml version="1.0" encoding="UTF-8"?>
<testsuite name="com.jordy.books.springboot.web.PostsApiControllerTest" tests="2" skipped="0" failures="0" errors="0" timestamp="2021-04-13T12:54:19" hostname="DESKTOP-7A78U1D" time="0.246">
  <properties/>
  <testcase name="Posts_등록된다" classname="com.jordy.books.springboot.web.PostsApiControllerTest" time="0.177"/>
  <testcase name="Posts_수정된다" classname="com.jordy.books.springboot.web.PostsApiControllerTest" time="0.067"/>
  <system-out><![CDATA[2021-04-13 21:54:19.530  INFO 1900 --- [    Test worker] .b.t.c.SpringBootTestContextBootstrapper : Neither @ContextConfiguration nor @ContextHierarchy found for test class [com.jordy.books.springboot.web.PostsApiControllerTest], using SpringBootContextLoader
2021-04-13 21:54:19.532  INFO 1900 --- [    Test worker] o.s.t.c.support.AbstractContextLoader    : Could not detect default resource locations for test class [com.jordy.books.springboot.web.PostsApiControllerTest]: no resource found for suffixes {-context.xml, Context.groovy}.
2021-04-13 21:54:19.532  INFO 1900 --- [    Test worker] t.c.s.AnnotationConfigContextLoaderUtils : Could not detect default configuration classes for test class [com.jordy.books.springboot.web.PostsApiControllerTest]: PostsApiControllerTest does not declare any static, non-private, non-final, nested classes annotated with @Configuration.
2021-04-13 21:54:19.537  INFO 1900 --- [    Test worker] .b.t.c.SpringBootTestContextBootstrapper : Found @SpringBootConfiguration com.jordy.books.springboot.Application for test class com.jordy.books.springboot.web.PostsApiControllerTest
2021-04-13 21:54:19.540  INFO 1900 --- [    Test worker] .b.t.c.SpringBootTestContextBootstrapper : Loaded default TestExecutionListener class names from location [META-INF/spring.factories]: [org.springframework.security.test.context.support.WithSecurityContextTestExecutionListener, org.springframework.security.test.context.support.ReactorContextTestExecutionListener, org.springframework.boot.test.autoconfigure.restdocs.RestDocsTestExecutionListener, org.springframework.boot.test.autoconfigure.web.client.MockRestServiceServerResetTestExecutionListener, org.springframework.boot.test.autoconfigure.web.servlet.MockMvcPrintOnlyOnFailureTestExecutionListener, org.springframework.boot.test.autoconfigure.web.servlet.WebDriverTestExecutionListener, org.springframework.boot.test.mock.mockito.MockitoTestExecutionListener, org.springframework.boot.test.mock.mockito.ResetMocksTestExecutionListener, org.springframework.test.context.web.ServletTestExecutionListener, org.springframework.test.context.support.DirtiesContextBeforeModesTestExecutionListener, org.springframework.test.context.support.DependencyInjectionTestExecutionListener, org.springframework.test.context.support.DirtiesContextTestExecutionListener, org.springframework.test.context.transaction.TransactionalTestExecutionListener, org.springframework.test.context.jdbc.SqlScriptsTestExecutionListener]
2021-04-13 21:54:19.544  INFO 1900 --- [    Test worker] .b.t.c.SpringBootTestContextBootstrapper : Using TestExecutionListeners: [org.springframework.test.context.web.ServletTestExecutionListener@702206a4, org.springframework.test.context.support.DirtiesContextBeforeModesTestExecutionListener@1083dfd1, org.springframework.boot.test.mock.mockito.MockitoTestExecutionListener@5e728251, org.springframework.boot.test.autoconfigure.SpringBootDependencyInjectionTestExecutionListener@11bb392e, org.springframework.test.context.support.DirtiesContextTestExecutionListener@714c1a9b, org.springframework.test.context.transaction.TransactionalTestExecutionListener@7f3f3e34, org.springframework.test.context.jdbc.SqlScriptsTestExecutionListener@35155b88, org.springframework.security.test.context.support.WithSecurityContextTestExecutionListener@7d2f664d, org.springframework.security.test.context.support.ReactorContextTestExecutionListener@6ca633b1, org.springframework.boot.test.autoconfigure.restdocs.RestDocsTestExecutionListener@6aee6e8f, org.springframework.boot.test.autoconfigure.web.client.MockRestServiceServerResetTestExecutionListener@75b8a141, org.springframework.boot.test.autoconfigure.web.servlet.MockMvcPrintOnlyOnFailureTestExecutionListener@73a3bcb5, org.springframework.boot.test.autoconfigure.web.servlet.WebDriverTestExecutionListener@2ec532cb, org.springframework.boot.test.mock.mockito.ResetMocksTestExecutionListener@37c6bb8a]
2021-04-13 21:54:19.563  INFO 1900 --- [    Test worker] o.a.c.c.C.[Tomcat].[localhost].[/]       : Initializing Spring TestDispatcherServlet ''
2021-04-13 21:54:19.563  INFO 1900 --- [    Test worker] o.s.t.web.servlet.TestDispatcherServlet  : Initializing Servlet ''
2021-04-13 21:54:19.568  INFO 1900 --- [    Test worker] o.s.t.web.servlet.TestDispatcherServlet  : Completed initialization in 4 ms
Hibernate: insert into posts (created_date, modified_date, author, content, title) values (?, ?, ?, ?, ?)
Hibernate: select posts0_.id as id1_0_, posts0_.created_date as created_2_0_, posts0_.modified_date as modified3_0_, posts0_.author as author4_0_, posts0_.content as content5_0_, posts0_.title as title6_0_ from posts posts0_
Hibernate: select posts0_.id as id1_0_, posts0_.created_date as created_2_0_, posts0_.modified_date as modified3_0_, posts0_.author as author4_0_, posts0_.content as content5_0_, posts0_.title as title6_0_ from posts posts0_
Hibernate: delete from posts where id=?
2021-04-13 21:54:19.733  INFO 1900 --- [    Test worker] o.a.c.c.C.[Tomcat].[localhost].[/]       : Initializing Spring TestDispatcherServlet ''
2021-04-13 21:54:19.733  INFO 1900 --- [    Test worker] o.s.t.web.servlet.TestDispatcherServlet  : Initializing Servlet ''
2021-04-13 21:54:19.741  INFO 1900 --- [    Test worker] o.s.t.web.servlet.TestDispatcherServlet  : Completed initialization in 8 ms
Hibernate: insert into posts (created_date, modified_date, author, content, title) values (?, ?, ?, ?, ?)
Hibernate: select posts0_.id as id1_0_0_, posts0_.created_date as created_2_0_0_, posts0_.modified_date as modified3_0_0_, posts0_.author as author4_0_0_, posts0_.content as content5_0_0_, posts0_.title as title6_0_0_ from posts posts0_ where posts0_.id=?
Hibernate: update posts set created_date=?, modified_date=?, author=?, content=?, title=? where id=?
Hibernate: select posts0_.id as id1_0_, posts0_.created_date as created_2_0_, posts0_.modified_date as modified3_0_, posts0_.author as author4_0_, posts0_.content as content5_0_, posts0_.title as title6_0_ from posts posts0_
Hibernate: select posts0_.id as id1_0_, posts0_.created_date as created_2_0_, posts0_.modified_date as modified3_0_, posts0_.author as author4_0_, posts0_.content as content5_0_, posts0_.title as title6_0_ from posts posts0_
Hibernate: delete from posts where id=?
]]></system-out>
  <system-err><![CDATA[]]></system-err>
</testsuite>
