<?xml version="1.0" encoding="UTF-8"?>
<testsuite name="com.jordy.books.springboot.HelloControllerTest" tests="3" skipped="0" failures="0" errors="0" timestamp="2021-04-13T12:54:13" hostname="DESKTOP-7A78U1D" time="0.385">
  <properties/>
  <testcase name="hello가_리턴된다" classname="com.jordy.books.springboot.HelloControllerTest" time="0.141"/>
  <testcase name="helloDto가_리턴된다" classname="com.jordy.books.springboot.HelloControllerTest" time="0.222"/>
  <testcase name="getHello2" classname="com.jordy.books.springboot.HelloControllerTest" time="0.02"/>
  <system-out><![CDATA[2021-04-13 21:54:10.838  INFO 1900 --- [    Test worker] .b.t.a.w.s.WebMvcTestContextBootstrapper : Neither @ContextConfiguration nor @ContextHierarchy found for test class [com.jordy.books.springboot.HelloControllerTest], using SpringBootContextLoader
2021-04-13 21:54:10.840  INFO 1900 --- [    Test worker] o.s.t.c.support.AbstractContextLoader    : Could not detect default resource locations for test class [com.jordy.books.springboot.HelloControllerTest]: no resource found for suffixes {-context.xml, Context.groovy}.
2021-04-13 21:54:10.842  INFO 1900 --- [    Test worker] t.c.s.AnnotationConfigContextLoaderUtils : Could not detect default configuration classes for test class [com.jordy.books.springboot.HelloControllerTest]: HelloControllerTest does not declare any static, non-private, non-final, nested classes annotated with @Configuration.
2021-04-13 21:54:10.887  INFO 1900 --- [    Test worker] .b.t.c.SpringBootTestContextBootstrapper : Found @SpringBootConfiguration com.jordy.books.springboot.Application for test class com.jordy.books.springboot.HelloControllerTest
2021-04-13 21:54:10.889  INFO 1900 --- [    Test worker] .b.t.a.w.s.WebMvcTestContextBootstrapper : Loaded default TestExecutionListener class names from location [META-INF/spring.factories]: [org.springframework.security.test.context.support.WithSecurityContextTestExecutionListener, org.springframework.security.test.context.support.ReactorContextTestExecutionListener, org.springframework.boot.test.autoconfigure.restdocs.RestDocsTestExecutionListener, org.springframework.boot.test.autoconfigure.web.client.MockRestServiceServerResetTestExecutionListener, org.springframework.boot.test.autoconfigure.web.servlet.MockMvcPrintOnlyOnFailureTestExecutionListener, org.springframework.boot.test.autoconfigure.web.servlet.WebDriverTestExecutionListener, org.springframework.boot.test.mock.mockito.MockitoTestExecutionListener, org.springframework.boot.test.mock.mockito.ResetMocksTestExecutionListener, org.springframework.test.context.web.ServletTestExecutionListener, org.springframework.test.context.support.DirtiesContextBeforeModesTestExecutionListener, org.springframework.test.context.support.DependencyInjectionTestExecutionListener, org.springframework.test.context.support.DirtiesContextTestExecutionListener, org.springframework.test.context.transaction.TransactionalTestExecutionListener, org.springframework.test.context.jdbc.SqlScriptsTestExecutionListener]
2021-04-13 21:54:10.891  INFO 1900 --- [    Test worker] .b.t.a.w.s.WebMvcTestContextBootstrapper : Using TestExecutionListeners: [org.springframework.test.context.web.ServletTestExecutionListener@2d467df2, org.springframework.test.context.support.DirtiesContextBeforeModesTestExecutionListener@6a097957, org.springframework.boot.test.mock.mockito.MockitoTestExecutionListener@6933e1e3, org.springframework.boot.test.autoconfigure.SpringBootDependencyInjectionTestExecutionListener@15e2650d, org.springframework.test.context.support.DirtiesContextTestExecutionListener@b5523ae, org.springframework.test.context.transaction.TransactionalTestExecutionListener@2a372052, org.springframework.test.context.jdbc.SqlScriptsTestExecutionListener@5c7df00e, org.springframework.security.test.context.support.WithSecurityContextTestExecutionListener@5ab12c81, org.springframework.security.test.context.support.ReactorContextTestExecutionListener@785b2c2a, org.springframework.boot.test.autoconfigure.restdocs.RestDocsTestExecutionListener@6b7da6c3, org.springframework.boot.test.autoconfigure.web.client.MockRestServiceServerResetTestExecutionListener@58b3d622, org.springframework.boot.test.autoconfigure.web.servlet.MockMvcPrintOnlyOnFailureTestExecutionListener@b352c91, org.springframework.boot.test.autoconfigure.web.servlet.WebDriverTestExecutionListener@2aae6ba1, org.springframework.boot.test.mock.mockito.ResetMocksTestExecutionListener@2c638b89]

  .   ____          _            __ _ _
 /\\ / ___'_ __ _ _(_)_ __  __ _ \ \ \ \
( ( )\___ | '_ | '_| | '_ \/ _` | \ \ \ \
 \\/  ___)| |_)| | | | | || (_| |  ) ) ) )
  '  |____| .__|_| |_|_| |_\__, | / / / /
 =========|_|==============|___/=/_/_/_/
 :: Spring Boot ::        (v2.1.7.RELEASE)

2021-04-13 21:54:10.984  INFO 1900 --- [    Test worker] c.j.b.springboot.HelloControllerTest     : Starting HelloControllerTest on DESKTOP-7A78U1D with PID 1900 (started by OH in C:\Users\OH\IdeaProjects\com.jordy.book)
2021-04-13 21:54:10.987  INFO 1900 --- [    Test worker] c.j.b.springboot.HelloControllerTest     : No active profile set, falling back to default profiles: default
2021-04-13 21:54:12.160  INFO 1900 --- [    Test worker] o.s.s.concurrent.ThreadPoolTaskExecutor  : Initializing ExecutorService 'applicationTaskExecutor'
2021-04-13 21:54:12.243  INFO 1900 --- [    Test worker] o.s.b.a.w.s.WelcomePageHandlerMapping    : Adding welcome page template: index
2021-04-13 21:54:12.804  INFO 1900 --- [    Test worker] .s.s.UserDetailsServiceAutoConfiguration : 

Using generated security password: 7ccbccff-3144-4ca9-9d35-7e6fb0eb0419

2021-04-13 21:54:13.197  INFO 1900 --- [    Test worker] o.s.s.web.DefaultSecurityFilterChain     : Creating filter chain: any request, [org.springframework.security.web.context.request.async.WebAsyncManagerIntegrationFilter@36f63385, org.springframework.security.web.context.SecurityContextPersistenceFilter@22a827d1, org.springframework.security.web.header.HeaderWriterFilter@4adfcd14, org.springframework.security.web.csrf.CsrfFilter@1ce4dd3f, org.springframework.security.web.authentication.logout.LogoutFilter@54e4b09e, org.springframework.security.web.authentication.UsernamePasswordAuthenticationFilter@61269f84, org.springframework.security.web.authentication.ui.DefaultLoginPageGeneratingFilter@1d7595f1, org.springframework.security.web.authentication.ui.DefaultLogoutPageGeneratingFilter@40bfed31, org.springframework.security.web.authentication.www.BasicAuthenticationFilter@3b4c777e, org.springframework.security.web.savedrequest.RequestCacheAwareFilter@1ecb1719, org.springframework.security.web.servletapi.SecurityContextHolderAwareRequestFilter@2ac8ceb9, org.springframework.security.web.authentication.AnonymousAuthenticationFilter@181085df, org.springframework.security.web.session.SessionManagementFilter@7068ec55, org.springframework.security.web.access.ExceptionTranslationFilter@3a80dbf6, org.springframework.security.web.access.intercept.FilterSecurityInterceptor@7fd86d8c]
2021-04-13 21:54:13.296  INFO 1900 --- [    Test worker] o.s.b.t.m.w.SpringBootMockServletContext : Initializing Spring TestDispatcherServlet ''
2021-04-13 21:54:13.296  INFO 1900 --- [    Test worker] o.s.t.web.servlet.TestDispatcherServlet  : Initializing Servlet ''
2021-04-13 21:54:13.333  INFO 1900 --- [    Test worker] o.s.t.web.servlet.TestDispatcherServlet  : Completed initialization in 37 ms
2021-04-13 21:54:13.412  INFO 1900 --- [    Test worker] c.j.b.springboot.HelloControllerTest     : Started HelloControllerTest in 2.516 seconds (JVM running for 19.513)
]]></system-out>
  <system-err><![CDATA[]]></system-err>
</testsuite>
