<?xml version="1.0" encoding="UTF-8"?>
<testsuite name="com.jordy.books.springboot.web.IndexControllerTest" tests="1" skipped="0" failures="0" errors="0" timestamp="2021-04-13T10:26:29" hostname="DESKTOP-4KAJM75" time="0.269">
  <properties/>
  <testcase name="메인페이지_로딩" classname="com.jordy.books.springboot.web.IndexControllerTest" time="0.269"/>
  <system-out><![CDATA[2021-04-13 19:26:26.186  INFO 12788 --- [    Test worker] .b.t.c.SpringBootTestContextBootstrapper : Neither @ContextConfiguration nor @ContextHierarchy found for test class [com.jordy.books.springboot.web.IndexControllerTest], using SpringBootContextLoader
2021-04-13 19:26:26.186  INFO 12788 --- [    Test worker] o.s.t.c.support.AbstractContextLoader    : Could not detect default resource locations for test class [com.jordy.books.springboot.web.IndexControllerTest]: no resource found for suffixes {-context.xml, Context.groovy}.
2021-04-13 19:26:26.186  INFO 12788 --- [    Test worker] t.c.s.AnnotationConfigContextLoaderUtils : Could not detect default configuration classes for test class [com.jordy.books.springboot.web.IndexControllerTest]: IndexControllerTest does not declare any static, non-private, non-final, nested classes annotated with @Configuration.
2021-04-13 19:26:26.218  INFO 12788 --- [    Test worker] .b.t.c.SpringBootTestContextBootstrapper : Found @SpringBootConfiguration com.jordy.books.springboot.Application for test class com.jordy.books.springboot.web.IndexControllerTest
2021-04-13 19:26:26.221  INFO 12788 --- [    Test worker] .b.t.c.SpringBootTestContextBootstrapper : Loaded default TestExecutionListener class names from location [META-INF/spring.factories]: [org.springframework.security.test.context.support.WithSecurityContextTestExecutionListener, org.springframework.security.test.context.support.ReactorContextTestExecutionListener, org.springframework.boot.test.autoconfigure.restdocs.RestDocsTestExecutionListener, org.springframework.boot.test.autoconfigure.web.client.MockRestServiceServerResetTestExecutionListener, org.springframework.boot.test.autoconfigure.web.servlet.MockMvcPrintOnlyOnFailureTestExecutionListener, org.springframework.boot.test.autoconfigure.web.servlet.WebDriverTestExecutionListener, org.springframework.boot.test.mock.mockito.MockitoTestExecutionListener, org.springframework.boot.test.mock.mockito.ResetMocksTestExecutionListener, org.springframework.test.context.web.ServletTestExecutionListener, org.springframework.test.context.support.DirtiesContextBeforeModesTestExecutionListener, org.springframework.test.context.support.DependencyInjectionTestExecutionListener, org.springframework.test.context.support.DirtiesContextTestExecutionListener, org.springframework.test.context.transaction.TransactionalTestExecutionListener, org.springframework.test.context.jdbc.SqlScriptsTestExecutionListener]
2021-04-13 19:26:26.222  INFO 12788 --- [    Test worker] .b.t.c.SpringBootTestContextBootstrapper : Using TestExecutionListeners: [org.springframework.test.context.web.ServletTestExecutionListener@53972d1e, org.springframework.test.context.support.DirtiesContextBeforeModesTestExecutionListener@2e2d0c51, org.springframework.boot.test.mock.mockito.MockitoTestExecutionListener@5731261, org.springframework.boot.test.autoconfigure.SpringBootDependencyInjectionTestExecutionListener@3899c57c, org.springframework.test.context.support.DirtiesContextTestExecutionListener@528cf0ac, org.springframework.test.context.transaction.TransactionalTestExecutionListener@14053128, org.springframework.test.context.jdbc.SqlScriptsTestExecutionListener@9f8d9d3, org.springframework.security.test.context.support.WithSecurityContextTestExecutionListener@7f3c5fb5, org.springframework.security.test.context.support.ReactorContextTestExecutionListener@4a00d96e, org.springframework.boot.test.autoconfigure.restdocs.RestDocsTestExecutionListener@77313d77, org.springframework.boot.test.autoconfigure.web.client.MockRestServiceServerResetTestExecutionListener@38484403, org.springframework.boot.test.autoconfigure.web.servlet.MockMvcPrintOnlyOnFailureTestExecutionListener@25947548, org.springframework.boot.test.autoconfigure.web.servlet.WebDriverTestExecutionListener@6993133d, org.springframework.boot.test.mock.mockito.ResetMocksTestExecutionListener@17b751fd]

  .   ____          _            __ _ _
 /\\ / ___'_ __ _ _(_)_ __  __ _ \ \ \ \
( ( )\___ | '_ | '_| | '_ \/ _` | \ \ \ \
 \\/  ___)| |_)| | | | | || (_| |  ) ) ) )
  '  |____| .__|_| |_|_| |_\__, | / / / /
 =========|_|==============|___/=/_/_/_/
 :: Spring Boot ::        (v2.1.7.RELEASE)

2021-04-13 19:26:26.290  INFO 12788 --- [    Test worker] c.j.b.s.web.IndexControllerTest          : Starting IndexControllerTest on DESKTOP-4KAJM75 with PID 12788 (started by 오성식 in C:\Users\오성식\IdeaProjects\com.jordy.book)
2021-04-13 19:26:26.290  INFO 12788 --- [    Test worker] c.j.b.s.web.IndexControllerTest          : No active profile set, falling back to default profiles: default
2021-04-13 19:26:26.668  INFO 12788 --- [    Test worker] .s.d.r.c.RepositoryConfigurationDelegate : Bootstrapping Spring Data repositories in DEFAULT mode.
2021-04-13 19:26:26.715  INFO 12788 --- [    Test worker] .s.d.r.c.RepositoryConfigurationDelegate : Finished Spring Data repository scanning in 47ms. Found 2 repository interfaces.
2021-04-13 19:26:26.912  INFO 12788 --- [    Test worker] trationDelegate$BeanPostProcessorChecker : Bean 'org.springframework.transaction.annotation.ProxyTransactionManagementConfiguration' of type [org.springframework.transaction.annotation.ProxyTransactionManagementConfiguration$$EnhancerBySpringCGLIB$$f0c34b12] is not eligible for getting processed by all BeanPostProcessors (for example: not eligible for auto-proxying)
2021-04-13 19:26:27.435  INFO 12788 --- [    Test worker] o.s.b.w.embedded.tomcat.TomcatWebServer  : Tomcat initialized with port(s): 0 (http)
2021-04-13 19:26:27.466  INFO 12788 --- [    Test worker] o.apache.catalina.core.StandardService   : Starting service [Tomcat]
2021-04-13 19:26:27.482  INFO 12788 --- [    Test worker] org.apache.catalina.core.StandardEngine  : Starting Servlet engine: [Apache Tomcat/9.0.22]
2021-04-13 19:26:27.713  INFO 12788 --- [    Test worker] o.a.c.c.C.[Tomcat].[localhost].[/]       : Initializing Spring embedded WebApplicationContext
2021-04-13 19:26:27.713  INFO 12788 --- [    Test worker] o.s.web.context.ContextLoader            : Root WebApplicationContext: initialization completed in 1423 ms
2021-04-13 19:26:28.076  INFO 12788 --- [    Test worker] com.zaxxer.hikari.HikariDataSource       : HikariPool-2 - Starting...
2021-04-13 19:26:28.080  INFO 12788 --- [    Test worker] com.zaxxer.hikari.HikariDataSource       : HikariPool-2 - Start completed.
2021-04-13 19:26:28.151  INFO 12788 --- [    Test worker] o.hibernate.jpa.internal.util.LogHelper  : HHH000204: Processing PersistenceUnitInfo [
	name: default
	...]
2021-04-13 19:26:28.174  INFO 12788 --- [    Test worker] org.hibernate.dialect.Dialect            : HHH000400: Using dialect: org.hibernate.dialect.MySQL5InnoDBDialect
Hibernate: drop table if exists posts
Hibernate: drop table if exists user
Hibernate: create table posts (id bigint not null auto_increment, created_date datetime, modified_date datetime, author varchar(255), content TEXT not null, title varchar(500) not null, primary key (id)) engine=InnoDB
Hibernate: create table user (id bigint not null auto_increment, created_date datetime, modified_date datetime, email varchar(255) not null, name varchar(255) not null, picture varchar(255), role varchar(255) not null, primary key (id)) engine=InnoDB
2021-04-13 19:26:28.253  INFO 12788 --- [    Test worker] o.h.t.schema.internal.SchemaCreatorImpl  : HHH000476: Executing import script 'org.hibernate.tool.schema.internal.exec.ScriptSourceInputNonExistentImpl@59502854'
2021-04-13 19:26:28.253  INFO 12788 --- [    Test worker] j.LocalContainerEntityManagerFactoryBean : Initialized JPA EntityManagerFactory for persistence unit 'default'
2021-04-13 19:26:28.809  INFO 12788 --- [    Test worker] o.h.h.i.QueryTranslatorFactoryInitiator  : HHH000397: Using ASTQueryTranslatorFactory
2021-04-13 19:26:29.060  INFO 12788 --- [    Test worker] o.s.s.web.DefaultSecurityFilterChain     : Creating filter chain: any request, [org.springframework.security.web.context.request.async.WebAsyncManagerIntegrationFilter@572ed446, org.springframework.security.web.context.SecurityContextPersistenceFilter@71965702, org.springframework.security.web.header.HeaderWriterFilter@3bd4487e, org.springframework.security.web.authentication.logout.LogoutFilter@4d51796c, org.springframework.security.oauth2.client.web.OAuth2AuthorizationRequestRedirectFilter@35f28751, org.springframework.security.oauth2.client.web.OAuth2LoginAuthenticationFilter@71c651c2, org.springframework.security.web.authentication.ui.DefaultLoginPageGeneratingFilter@e3c01ee, org.springframework.security.web.authentication.ui.DefaultLogoutPageGeneratingFilter@22981aee, org.springframework.security.web.savedrequest.RequestCacheAwareFilter@41e2b226, org.springframework.security.web.servletapi.SecurityContextHolderAwareRequestFilter@586c95dc, org.springframework.security.web.authentication.AnonymousAuthenticationFilter@371c9e3, org.springframework.security.web.session.SessionManagementFilter@2fcf2926, org.springframework.security.web.access.ExceptionTranslationFilter@5b7d7729, org.springframework.security.web.access.intercept.FilterSecurityInterceptor@1bfdd7ca]
2021-04-13 19:26:29.435  INFO 12788 --- [    Test worker] o.s.s.concurrent.ThreadPoolTaskExecutor  : Initializing ExecutorService 'applicationTaskExecutor'
2021-04-13 19:26:29.452  WARN 12788 --- [    Test worker] aWebConfiguration$JpaWebMvcConfiguration : spring.jpa.open-in-view is enabled by default. Therefore, database queries may be performed during view rendering. Explicitly configure spring.jpa.open-in-view to disable this warning
2021-04-13 19:26:29.500  INFO 12788 --- [    Test worker] o.s.b.a.w.s.WelcomePageHandlerMapping    : Adding welcome page template: index
2021-04-13 19:26:29.946  INFO 12788 --- [    Test worker] s.a.ScheduledAnnotationBeanPostProcessor : No TaskScheduler/ScheduledExecutorService bean found for scheduled processing
2021-04-13 19:26:29.963  INFO 12788 --- [    Test worker] o.s.b.w.embedded.tomcat.TomcatWebServer  : Tomcat started on port(s): 14670 (http) with context path ''
2021-04-13 19:26:29.963  INFO 12788 --- [    Test worker] c.j.b.s.web.IndexControllerTest          : Started IndexControllerTest in 3.741 seconds (JVM running for 15.669)
2021-04-13 19:26:30.119  INFO 12788 --- [o-auto-1-exec-1] o.a.c.c.C.[Tomcat].[localhost].[/]       : Initializing Spring DispatcherServlet 'dispatcherServlet'
2021-04-13 19:26:30.119  INFO 12788 --- [o-auto-1-exec-1] o.s.web.servlet.DispatcherServlet        : Initializing Servlet 'dispatcherServlet'
2021-04-13 19:26:30.135  INFO 12788 --- [o-auto-1-exec-1] o.s.web.servlet.DispatcherServlet        : Completed initialization in 16 ms
Hibernate: select posts0_.id as id1_0_, posts0_.created_date as created_2_0_, posts0_.modified_date as modified3_0_, posts0_.author as author4_0_, posts0_.content as content5_0_, posts0_.title as title6_0_ from posts posts0_ order by posts0_.id desc
]]></system-out>
  <system-err><![CDATA[]]></system-err>
</testsuite>
