<?xml version="1.0" encoding="UTF-8"?>
<testsuite name="com.jordy.books.springboot.domain.posts.PostsRepositoryTest" tests="2" skipped="0" failures="0" errors="0" timestamp="2021-05-10T10:01:55" hostname="DESKTOP-4KAJM75" time="0.38">
  <properties/>
  <testcase name="게시글저장_불러오기" classname="com.jordy.books.springboot.domain.posts.PostsRepositoryTest" time="0.366"/>
  <testcase name="BaseTimeEntity_등록" classname="com.jordy.books.springboot.domain.posts.PostsRepositoryTest" time="0.014"/>
  <system-out><![CDATA[19:01:47.070 [Test worker] DEBUG org.springframework.test.context.junit4.SpringJUnit4ClassRunner - SpringJUnit4ClassRunner constructor called with [class com.jordy.books.springboot.domain.posts.PostsRepositoryTest]
19:01:47.086 [Test worker] DEBUG org.springframework.test.context.BootstrapUtils - Instantiating CacheAwareContextLoaderDelegate from class [org.springframework.test.context.cache.DefaultCacheAwareContextLoaderDelegate]
19:01:47.102 [Test worker] DEBUG org.springframework.test.context.BootstrapUtils - Instantiating BootstrapContext using constructor [public org.springframework.test.context.support.DefaultBootstrapContext(java.lang.Class,org.springframework.test.context.CacheAwareContextLoaderDelegate)]
19:01:47.117 [Test worker] DEBUG org.springframework.test.context.BootstrapUtils - Instantiating TestContextBootstrapper for test class [com.jordy.books.springboot.domain.posts.PostsRepositoryTest] from class [org.springframework.boot.test.context.SpringBootTestContextBootstrapper]
19:01:47.133 [Test worker] INFO org.springframework.boot.test.context.SpringBootTestContextBootstrapper - Neither @ContextConfiguration nor @ContextHierarchy found for test class [com.jordy.books.springboot.domain.posts.PostsRepositoryTest], using SpringBootContextLoader
19:01:47.133 [Test worker] DEBUG org.springframework.test.context.support.AbstractContextLoader - Did not detect default resource location for test class [com.jordy.books.springboot.domain.posts.PostsRepositoryTest]: class path resource [com/jordy/books/springboot/domain/posts/PostsRepositoryTest-context.xml] does not exist
19:01:47.148 [Test worker] DEBUG org.springframework.test.context.support.AbstractContextLoader - Did not detect default resource location for test class [com.jordy.books.springboot.domain.posts.PostsRepositoryTest]: class path resource [com/jordy/books/springboot/domain/posts/PostsRepositoryTestContext.groovy] does not exist
19:01:47.148 [Test worker] INFO org.springframework.test.context.support.AbstractContextLoader - Could not detect default resource locations for test class [com.jordy.books.springboot.domain.posts.PostsRepositoryTest]: no resource found for suffixes {-context.xml, Context.groovy}.
19:01:47.148 [Test worker] INFO org.springframework.test.context.support.AnnotationConfigContextLoaderUtils - Could not detect default configuration classes for test class [com.jordy.books.springboot.domain.posts.PostsRepositoryTest]: PostsRepositoryTest does not declare any static, non-private, non-final, nested classes annotated with @Configuration.
19:01:47.195 [Test worker] DEBUG org.springframework.test.context.support.ActiveProfilesUtils - Could not find an 'annotation declaring class' for annotation type [org.springframework.test.context.ActiveProfiles] and class [com.jordy.books.springboot.domain.posts.PostsRepositoryTest]
19:01:47.336 [Test worker] DEBUG org.springframework.context.annotation.ClassPathScanningCandidateComponentProvider - Identified candidate component class: file [C:\Users\오성식\IdeaProjects\com.jordy.book\build\classes\java\main\com\jordy\books\springboot\Application.class]
19:01:47.336 [Test worker] INFO org.springframework.boot.test.context.SpringBootTestContextBootstrapper - Found @SpringBootConfiguration com.jordy.books.springboot.Application for test class com.jordy.books.springboot.domain.posts.PostsRepositoryTest
19:01:47.492 [Test worker] DEBUG org.springframework.boot.test.context.SpringBootTestContextBootstrapper - @TestExecutionListeners is not present for class [com.jordy.books.springboot.domain.posts.PostsRepositoryTest]: using defaults.
19:01:47.492 [Test worker] INFO org.springframework.boot.test.context.SpringBootTestContextBootstrapper - Loaded default TestExecutionListener class names from location [META-INF/spring.factories]: [org.springframework.security.test.context.support.WithSecurityContextTestExecutionListener, org.springframework.security.test.context.support.ReactorContextTestExecutionListener, org.springframework.boot.test.autoconfigure.restdocs.RestDocsTestExecutionListener, org.springframework.boot.test.autoconfigure.web.client.MockRestServiceServerResetTestExecutionListener, org.springframework.boot.test.autoconfigure.web.servlet.MockMvcPrintOnlyOnFailureTestExecutionListener, org.springframework.boot.test.autoconfigure.web.servlet.WebDriverTestExecutionListener, org.springframework.boot.test.mock.mockito.MockitoTestExecutionListener, org.springframework.boot.test.mock.mockito.ResetMocksTestExecutionListener, org.springframework.test.context.web.ServletTestExecutionListener, org.springframework.test.context.support.DirtiesContextBeforeModesTestExecutionListener, org.springframework.test.context.support.DependencyInjectionTestExecutionListener, org.springframework.test.context.support.DirtiesContextTestExecutionListener, org.springframework.test.context.transaction.TransactionalTestExecutionListener, org.springframework.test.context.jdbc.SqlScriptsTestExecutionListener]
19:01:47.526 [Test worker] INFO org.springframework.boot.test.context.SpringBootTestContextBootstrapper - Using TestExecutionListeners: [org.springframework.test.context.web.ServletTestExecutionListener@2972b61b, org.springframework.test.context.support.DirtiesContextBeforeModesTestExecutionListener@3514928c, org.springframework.boot.test.mock.mockito.MockitoTestExecutionListener@5c2b0231, org.springframework.boot.test.autoconfigure.SpringBootDependencyInjectionTestExecutionListener@45e7e6c3, org.springframework.test.context.support.DirtiesContextTestExecutionListener@7919420a, org.springframework.test.context.transaction.TransactionalTestExecutionListener@68883f57, org.springframework.test.context.jdbc.SqlScriptsTestExecutionListener@6c3682fd, org.springframework.security.test.context.support.WithSecurityContextTestExecutionListener@169db046, org.springframework.security.test.context.support.ReactorContextTestExecutionListener@2527b98d, org.springframework.boot.test.autoconfigure.restdocs.RestDocsTestExecutionListener@c7c48f9, org.springframework.boot.test.autoconfigure.web.client.MockRestServiceServerResetTestExecutionListener@540502e1, org.springframework.boot.test.autoconfigure.web.servlet.MockMvcPrintOnlyOnFailureTestExecutionListener@2f6197a7, org.springframework.boot.test.autoconfigure.web.servlet.WebDriverTestExecutionListener@3792a817, org.springframework.boot.test.mock.mockito.ResetMocksTestExecutionListener@5947159c]
19:01:47.526 [Test worker] DEBUG org.springframework.test.annotation.ProfileValueUtils - Retrieved @ProfileValueSourceConfiguration [null] for test class [com.jordy.books.springboot.domain.posts.PostsRepositoryTest]
19:01:47.526 [Test worker] DEBUG org.springframework.test.annotation.ProfileValueUtils - Retrieved ProfileValueSource type [class org.springframework.test.annotation.SystemProfileValueSource] for class [com.jordy.books.springboot.domain.posts.PostsRepositoryTest]
19:01:47.526 [Test worker] DEBUG org.springframework.test.annotation.ProfileValueUtils - Retrieved @ProfileValueSourceConfiguration [null] for test class [com.jordy.books.springboot.domain.posts.PostsRepositoryTest]
19:01:47.526 [Test worker] DEBUG org.springframework.test.annotation.ProfileValueUtils - Retrieved ProfileValueSource type [class org.springframework.test.annotation.SystemProfileValueSource] for class [com.jordy.books.springboot.domain.posts.PostsRepositoryTest]
19:01:47.541 [Test worker] DEBUG org.springframework.test.context.support.AbstractDirtiesContextTestExecutionListener - Before test class: context [DefaultTestContext@22b77847 testClass = PostsRepositoryTest, testInstance = [null], testMethod = [null], testException = [null], mergedContextConfiguration = [WebMergedContextConfiguration@6944a7ac testClass = PostsRepositoryTest, locations = '{}', classes = '{class com.jordy.books.springboot.Application}', contextInitializerClasses = '[]', activeProfiles = '{}', propertySourceLocations = '{}', propertySourceProperties = '{org.springframework.boot.test.context.SpringBootTestContextBootstrapper=true}', contextCustomizers = set[org.springframework.boot.test.autoconfigure.properties.PropertyMappingContextCustomizer@0, org.springframework.boot.test.autoconfigure.web.servlet.WebDriverContextCustomizerFactory$Customizer@4fd3ad48, org.springframework.boot.test.context.filter.ExcludeFilterContextCustomizer@6532b80b, org.springframework.boot.test.json.DuplicateJsonObjectContextCustomizerFactory$DuplicateJsonObjectContextCustomizer@c237dcc, org.springframework.boot.test.mock.mockito.MockitoContextCustomizer@0, org.springframework.boot.test.web.client.TestRestTemplateContextCustomizer@16f91f4b], resourceBasePath = 'src/main/webapp', contextLoader = 'org.springframework.boot.test.context.SpringBootContextLoader', parent = [null]], attributes = map['org.springframework.test.context.web.ServletTestExecutionListener.activateListener' -> true]], class annotated with @DirtiesContext [false] with mode [null].
19:01:47.541 [Test worker] DEBUG org.springframework.test.annotation.ProfileValueUtils - Retrieved @ProfileValueSourceConfiguration [null] for test class [com.jordy.books.springboot.domain.posts.PostsRepositoryTest]
19:01:47.541 [Test worker] DEBUG org.springframework.test.annotation.ProfileValueUtils - Retrieved ProfileValueSource type [class org.springframework.test.annotation.SystemProfileValueSource] for class [com.jordy.books.springboot.domain.posts.PostsRepositoryTest]
19:01:47.573 [Test worker] DEBUG org.springframework.test.context.support.TestPropertySourceUtils - Adding inlined properties to environment: {spring.jmx.enabled=false, org.springframework.boot.test.context.SpringBootTestContextBootstrapper=true, server.port=-1}

  .   ____          _            __ _ _
 /\\ / ___'_ __ _ _(_)_ __  __ _ \ \ \ \
( ( )\___ | '_ | '_| | '_ \/ _` | \ \ \ \
 \\/  ___)| |_)| | | | | || (_| |  ) ) ) )
  '  |____| .__|_| |_|_| |_\__, | / / / /
 =========|_|==============|___/=/_/_/_/
 :: Spring Boot ::        (v2.1.7.RELEASE)

2021-05-10 19:01:47.913  INFO 14156 --- [    Test worker] c.j.b.s.d.posts.PostsRepositoryTest      : Starting PostsRepositoryTest on DESKTOP-4KAJM75 with PID 14156 (started by 오성식 in C:\Users\오성식\IdeaProjects\com.jordy.book)
2021-05-10 19:01:47.913  INFO 14156 --- [    Test worker] c.j.b.s.d.posts.PostsRepositoryTest      : No active profile set, falling back to default profiles: default
2021-05-10 19:01:49.165  INFO 14156 --- [    Test worker] .s.d.r.c.RepositoryConfigurationDelegate : Bootstrapping Spring Data repositories in DEFAULT mode.
2021-05-10 19:01:49.275  INFO 14156 --- [    Test worker] .s.d.r.c.RepositoryConfigurationDelegate : Finished Spring Data repository scanning in 110ms. Found 2 repository interfaces.
2021-05-10 19:01:49.950  INFO 14156 --- [    Test worker] trationDelegate$BeanPostProcessorChecker : Bean 'org.springframework.transaction.annotation.ProxyTransactionManagementConfiguration' of type [org.springframework.transaction.annotation.ProxyTransactionManagementConfiguration$$EnhancerBySpringCGLIB$$d733924f] is not eligible for getting processed by all BeanPostProcessors (for example: not eligible for auto-proxying)
2021-05-10 19:01:50.273  INFO 14156 --- [    Test worker] com.zaxxer.hikari.HikariDataSource       : HikariPool-1 - Starting...
2021-05-10 19:01:50.492  INFO 14156 --- [    Test worker] com.zaxxer.hikari.HikariDataSource       : HikariPool-1 - Start completed.
2021-05-10 19:01:50.633  INFO 14156 --- [    Test worker] o.hibernate.jpa.internal.util.LogHelper  : HHH000204: Processing PersistenceUnitInfo [
	name: default
	...]
2021-05-10 19:01:50.742  INFO 14156 --- [    Test worker] org.hibernate.Version                    : HHH000412: Hibernate Core {5.3.10.Final}
2021-05-10 19:01:50.742  INFO 14156 --- [    Test worker] org.hibernate.cfg.Environment            : HHH000206: hibernate.properties not found
2021-05-10 19:01:51.009  INFO 14156 --- [    Test worker] o.hibernate.annotations.common.Version   : HCANN000001: Hibernate Commons Annotations {5.0.4.Final}
2021-05-10 19:01:51.275  INFO 14156 --- [    Test worker] org.hibernate.dialect.Dialect            : HHH000400: Using dialect: org.hibernate.dialect.MySQL5InnoDBDialect
Hibernate: drop table if exists posts
Hibernate: drop table if exists user
Hibernate: create table posts (id bigint not null auto_increment, created_date datetime, modified_date datetime, author varchar(255), content TEXT not null, title varchar(500) not null, primary key (id)) engine=InnoDB
Hibernate: create table user (id bigint not null auto_increment, created_date datetime, modified_date datetime, email varchar(255) not null, name varchar(255) not null, picture varchar(255), role varchar(255) not null, primary key (id)) engine=InnoDB
2021-05-10 19:01:52.209  INFO 14156 --- [    Test worker] o.h.t.schema.internal.SchemaCreatorImpl  : HHH000476: Executing import script 'org.hibernate.tool.schema.internal.exec.ScriptSourceInputNonExistentImpl@5a3f9206'
2021-05-10 19:01:52.209  INFO 14156 --- [    Test worker] j.LocalContainerEntityManagerFactoryBean : Initialized JPA EntityManagerFactory for persistence unit 'default'
2021-05-10 19:01:53.089  INFO 14156 --- [    Test worker] o.h.h.i.QueryTranslatorFactoryInitiator  : HHH000397: Using ASTQueryTranslatorFactory
2021-05-10 19:01:54.024  INFO 14156 --- [    Test worker] o.s.s.web.DefaultSecurityFilterChain     : Creating filter chain: any request, [org.springframework.security.web.context.request.async.WebAsyncManagerIntegrationFilter@397dc1af, org.springframework.security.web.context.SecurityContextPersistenceFilter@2adb7648, org.springframework.security.web.header.HeaderWriterFilter@6eba2c17, org.springframework.security.web.authentication.logout.LogoutFilter@25c2f8de, org.springframework.security.oauth2.client.web.OAuth2AuthorizationRequestRedirectFilter@13aa3876, org.springframework.security.oauth2.client.web.OAuth2LoginAuthenticationFilter@34908c24, org.springframework.security.web.authentication.ui.DefaultLoginPageGeneratingFilter@107027ee, org.springframework.security.web.authentication.ui.DefaultLogoutPageGeneratingFilter@6ef6622a, org.springframework.security.web.savedrequest.RequestCacheAwareFilter@2be3e5b, org.springframework.security.web.servletapi.SecurityContextHolderAwareRequestFilter@5a939112, org.springframework.security.web.authentication.AnonymousAuthenticationFilter@3b4ca172, org.springframework.security.web.session.SessionManagementFilter@d3cf81c, org.springframework.security.web.access.ExceptionTranslationFilter@1fbc823f, org.springframework.security.web.access.intercept.FilterSecurityInterceptor@38e539c7]
2021-05-10 19:01:54.868  INFO 14156 --- [    Test worker] o.s.s.concurrent.ThreadPoolTaskExecutor  : Initializing ExecutorService 'applicationTaskExecutor'
2021-05-10 19:01:54.961  WARN 14156 --- [    Test worker] aWebConfiguration$JpaWebMvcConfiguration : spring.jpa.open-in-view is enabled by default. Therefore, database queries may be performed during view rendering. Explicitly configure spring.jpa.open-in-view to disable this warning
2021-05-10 19:01:55.040  INFO 14156 --- [    Test worker] o.s.b.a.w.s.WelcomePageHandlerMapping    : Adding welcome page template: index
2021-05-10 19:01:55.817  INFO 14156 --- [    Test worker] s.a.ScheduledAnnotationBeanPostProcessor : No TaskScheduler/ScheduledExecutorService bean found for scheduled processing
2021-05-10 19:01:55.833  INFO 14156 --- [    Test worker] c.j.b.s.d.posts.PostsRepositoryTest      : Started PostsRepositoryTest in 8.26 seconds (JVM running for 9.788)
Hibernate: insert into posts (created_date, modified_date, author, content, title) values (?, ?, ?, ?, ?)
Hibernate: select posts0_.id as id1_0_, posts0_.created_date as created_2_0_, posts0_.modified_date as modified3_0_, posts0_.author as author4_0_, posts0_.content as content5_0_, posts0_.title as title6_0_ from posts posts0_
Hibernate: select posts0_.id as id1_0_, posts0_.created_date as created_2_0_, posts0_.modified_date as modified3_0_, posts0_.author as author4_0_, posts0_.content as content5_0_, posts0_.title as title6_0_ from posts posts0_
Hibernate: delete from posts where id=?
Hibernate: insert into posts (created_date, modified_date, author, content, title) values (?, ?, ?, ?, ?)
Hibernate: select posts0_.id as id1_0_, posts0_.created_date as created_2_0_, posts0_.modified_date as modified3_0_, posts0_.author as author4_0_, posts0_.content as content5_0_, posts0_.title as title6_0_ from posts posts0_
>>>>>>>>>>> createDate = 2021-05-10T19:01:56.233, modifiedDate=2021-05-10T19:01:56.233
Hibernate: select posts0_.id as id1_0_, posts0_.created_date as created_2_0_, posts0_.modified_date as modified3_0_, posts0_.author as author4_0_, posts0_.content as content5_0_, posts0_.title as title6_0_ from posts posts0_
Hibernate: delete from posts where id=?
]]></system-out>
  <system-err><![CDATA[]]></system-err>
</testsuite>
