<?xml version="1.0" encoding="UTF-8"?>
<testsuite name="com.jordy.books.springboot.web.PostsApiControllerTest" tests="2" skipped="0" failures="0" errors="0" timestamp="2021-04-13T10:26:30" hostname="DESKTOP-4KAJM75" time="0.123">
  <properties/>
  <testcase name="Posts_등록된다" classname="com.jordy.books.springboot.web.PostsApiControllerTest" time="0.086"/>
  <testcase name="Posts_수정된다" classname="com.jordy.books.springboot.web.PostsApiControllerTest" time="0.036"/>
  <system-out><![CDATA[2021-04-13 19:26:30.244  INFO 12788 --- [    Test worker] .b.t.c.SpringBootTestContextBootstrapper : Neither @ContextConfiguration nor @ContextHierarchy found for test class [com.jordy.books.springboot.web.PostsApiControllerTest], using SpringBootContextLoader
2021-04-13 19:26:30.244  INFO 12788 --- [    Test worker] o.s.t.c.support.AbstractContextLoader    : Could not detect default resource locations for test class [com.jordy.books.springboot.web.PostsApiControllerTest]: no resource found for suffixes {-context.xml, Context.groovy}.
2021-04-13 19:26:30.244  INFO 12788 --- [    Test worker] t.c.s.AnnotationConfigContextLoaderUtils : Could not detect default configuration classes for test class [com.jordy.books.springboot.web.PostsApiControllerTest]: PostsApiControllerTest does not declare any static, non-private, non-final, nested classes annotated with @Configuration.
2021-04-13 19:26:30.260  INFO 12788 --- [    Test worker] .b.t.c.SpringBootTestContextBootstrapper : Found @SpringBootConfiguration com.jordy.books.springboot.Application for test class com.jordy.books.springboot.web.PostsApiControllerTest
2021-04-13 19:26:30.260  INFO 12788 --- [    Test worker] .b.t.c.SpringBootTestContextBootstrapper : Loaded default TestExecutionListener class names from location [META-INF/spring.factories]: [org.springframework.security.test.context.support.WithSecurityContextTestExecutionListener, org.springframework.security.test.context.support.ReactorContextTestExecutionListener, org.springframework.boot.test.autoconfigure.restdocs.RestDocsTestExecutionListener, org.springframework.boot.test.autoconfigure.web.client.MockRestServiceServerResetTestExecutionListener, org.springframework.boot.test.autoconfigure.web.servlet.MockMvcPrintOnlyOnFailureTestExecutionListener, org.springframework.boot.test.autoconfigure.web.servlet.WebDriverTestExecutionListener, org.springframework.boot.test.mock.mockito.MockitoTestExecutionListener, org.springframework.boot.test.mock.mockito.ResetMocksTestExecutionListener, org.springframework.test.context.web.ServletTestExecutionListener, org.springframework.test.context.support.DirtiesContextBeforeModesTestExecutionListener, org.springframework.test.context.support.DependencyInjectionTestExecutionListener, org.springframework.test.context.support.DirtiesContextTestExecutionListener, org.springframework.test.context.transaction.TransactionalTestExecutionListener, org.springframework.test.context.jdbc.SqlScriptsTestExecutionListener]
2021-04-13 19:26:30.260  INFO 12788 --- [    Test worker] .b.t.c.SpringBootTestContextBootstrapper : Using TestExecutionListeners: [org.springframework.test.context.web.ServletTestExecutionListener@17c3cd98, org.springframework.test.context.support.DirtiesContextBeforeModesTestExecutionListener@727ee9fd, org.springframework.boot.test.mock.mockito.MockitoTestExecutionListener@5b235f4b, org.springframework.boot.test.autoconfigure.SpringBootDependencyInjectionTestExecutionListener@489c47eb, org.springframework.test.context.support.DirtiesContextTestExecutionListener@41bafc6d, org.springframework.test.context.transaction.TransactionalTestExecutionListener@448ec4a6, org.springframework.test.context.jdbc.SqlScriptsTestExecutionListener@596127b, org.springframework.security.test.context.support.WithSecurityContextTestExecutionListener@2f1fbe3d, org.springframework.security.test.context.support.ReactorContextTestExecutionListener@39d06627, org.springframework.boot.test.autoconfigure.restdocs.RestDocsTestExecutionListener@b493e4f, org.springframework.boot.test.autoconfigure.web.client.MockRestServiceServerResetTestExecutionListener@3e79f097, org.springframework.boot.test.autoconfigure.web.servlet.MockMvcPrintOnlyOnFailureTestExecutionListener@6cc54f33, org.springframework.boot.test.autoconfigure.web.servlet.WebDriverTestExecutionListener@569efdd2, org.springframework.boot.test.mock.mockito.ResetMocksTestExecutionListener@14671a08]
2021-04-13 19:26:30.275  INFO 12788 --- [    Test worker] o.a.c.c.C.[Tomcat].[localhost].[/]       : Initializing Spring TestDispatcherServlet ''
2021-04-13 19:26:30.275  INFO 12788 --- [    Test worker] o.s.t.web.servlet.TestDispatcherServlet  : Initializing Servlet ''
2021-04-13 19:26:30.275  INFO 12788 --- [    Test worker] o.s.t.web.servlet.TestDispatcherServlet  : Completed initialization in 0 ms
Hibernate: insert into posts (created_date, modified_date, author, content, title) values (?, ?, ?, ?, ?)
Hibernate: select posts0_.id as id1_0_, posts0_.created_date as created_2_0_, posts0_.modified_date as modified3_0_, posts0_.author as author4_0_, posts0_.content as content5_0_, posts0_.title as title6_0_ from posts posts0_
Hibernate: select posts0_.id as id1_0_, posts0_.created_date as created_2_0_, posts0_.modified_date as modified3_0_, posts0_.author as author4_0_, posts0_.content as content5_0_, posts0_.title as title6_0_ from posts posts0_
Hibernate: delete from posts where id=?
2021-04-13 19:26:30.353  INFO 12788 --- [    Test worker] o.a.c.c.C.[Tomcat].[localhost].[/]       : Initializing Spring TestDispatcherServlet ''
2021-04-13 19:26:30.353  INFO 12788 --- [    Test worker] o.s.t.web.servlet.TestDispatcherServlet  : Initializing Servlet ''
2021-04-13 19:26:30.353  INFO 12788 --- [    Test worker] o.s.t.web.servlet.TestDispatcherServlet  : Completed initialization in 0 ms
Hibernate: insert into posts (created_date, modified_date, author, content, title) values (?, ?, ?, ?, ?)
Hibernate: select posts0_.id as id1_0_0_, posts0_.created_date as created_2_0_0_, posts0_.modified_date as modified3_0_0_, posts0_.author as author4_0_0_, posts0_.content as content5_0_0_, posts0_.title as title6_0_0_ from posts posts0_ where posts0_.id=?
Hibernate: update posts set created_date=?, modified_date=?, author=?, content=?, title=? where id=?
Hibernate: select posts0_.id as id1_0_, posts0_.created_date as created_2_0_, posts0_.modified_date as modified3_0_, posts0_.author as author4_0_, posts0_.content as content5_0_, posts0_.title as title6_0_ from posts posts0_
Hibernate: select posts0_.id as id1_0_, posts0_.created_date as created_2_0_, posts0_.modified_date as modified3_0_, posts0_.author as author4_0_, posts0_.content as content5_0_, posts0_.title as title6_0_ from posts posts0_
Hibernate: delete from posts where id=?
]]></system-out>
  <system-err><![CDATA[]]></system-err>
</testsuite>
